[2024-12-14T18:38:46.511Z]:GET /joyas/filtros?categoria=collar 200 - 87ms 
[2024-12-14T18:38:49.640Z]:GET /joyas?limits=3&page=1&order_by=stock_ASC 200 - 8ms 
[2024-12-14T18:39:43.315Z]:GET /joyas/prueba 404 - 4ms 
[2024-12-14T18:40:59.511Z]:GET /joyas/filtros?precio_max=15000&precio_min=1500&categoria=collar 200 - 130ms 
[2024-12-14T18:44:14.099Z]:GET /joyas?limits=10&page=1&order_by=stock_ASC 200 - 159ms 
[2024-12-14T18:44:22.709Z]:GET /joyas/filtros?precio_max=15000&precio_min=1500&categoria=collar&metal=plata 200 - 7ms 
[2024-12-14T18:46:16.677Z]:GET /joyas?limits=10&page=1&order_by=stock_ASC 200 - 122ms 
[2024-12-14T18:46:18.229Z]:GET /joyas/filtros?precio_max=15000&precio_min=1500&categoria=collar&metal=plata 200 - 6ms 
[2024-12-14T18:48:49.440Z]:GET /joyas/filtros?precio_max=15000&precio_min=1500&categoria=collar&metal=plata 200 - 202ms 
[2024-12-14T18:51:12.665Z]:GET /joyas/filtros?precio_min=1500&categoria=collar&metal=plata 200 - 127ms 
[2024-12-14T18:51:15.856Z]:GET /joyas/filtros?precio_min=1500&categoria=collar 200 - 8ms 
[2024-12-14T18:58:27.772Z]:GET /joyas?limits=10&order_by=stock_ASC 200 - 139ms 
[2024-12-14T18:58:52.298Z]:GET /joyas?limits=3&order_by=stock_ASC 200 - 94ms 
[2024-12-14T19:00:37.843Z]:GET /joyas?limits=3&order_by=stock_ASC 200 - 160ms 
[2024-12-15T17:54:35.820Z]:GET /service-worker.js 404 - 3ms 
[2024-12-15T17:55:05.585Z]:GET /service-worker.js 404 - 1ms 
[2024-12-15T17:55:14.861Z]:GET /service-worker.js 404 - 5ms 
[2024-12-15T17:55:47.694Z]:GET /service-worker.js 404 - 14ms 
[2024-12-15T17:55:52.846Z]:GET /service-worker.js 404 - 2ms 
[2024-12-15T17:55:58.186Z]:GET /service-worker.js 404 - 1ms 
[2024-12-15T17:56:28.397Z]:GET /service-worker.js 404 - 19ms 
[2024-12-15T17:56:32.273Z]:GET /service-worker.js 404 - 1ms 
[2024-12-15T17:57:17.857Z]:GET /service-worker.js 404 - 6ms 
[2024-12-15T17:58:00.282Z]:GET /service-worker.js 404 - 4ms 
[2024-12-15T17:58:45.806Z]:GET /service-worker.js 404 - 3ms 
[2024-12-15T17:59:15.006Z]:GET /service-worker.js 404 - 3ms 
[2024-12-15T18:00:10.837Z]:GET /service-worker.js 404 - 6ms 
[2024-12-15T18:00:29.741Z]:GET /service-worker.js 404 - 3ms 
[2024-12-15T18:00:58.838Z]:GET /service-worker.js 404 - 2ms 
[2024-12-15T18:01:57.088Z]:GET /service-worker.js 404 - 5ms 
[2024-12-15T18:02:29.133Z]:GET /service-worker.js 404 - 6ms 
[2024-12-15T18:02:52.623Z]:GET /service-worker.js 404 - 8ms 
[2024-12-15T18:03:28.171Z]:GET /service-worker.js 404 - 4ms 
[2024-12-15T18:06:38.190Z]:GET /service-worker.js 404 - 2ms 
[2024-12-15T18:09:40.031Z]:GET /service-worker.js 404 - 3ms 
[2024-12-15T18:11:18.891Z]:GET /service-worker.js 404 - 3ms 
[2024-12-15T18:14:11.466Z]:GET /service-worker.js 404 - 2ms 
[2024-12-15T18:14:15.346Z]:GET /joyas/api-docs/ 404 - 2ms 
[2024-12-15T18:14:16.898Z]:GET /service-worker.js 404 - 0ms 
[2024-12-15T18:16:05.291Z]:GET /service-worker.js 404 - 3ms 
[2024-12-18T15:07:04.520Z]:GET /api-docs/ 404 - 9ms 
[2024-12-18T15:07:04.608Z]:GET /favicon.ico 404 - 2ms 
[2024-12-18T15:07:06.157Z]:GET /service-worker.js 404 - 1ms 
[2024-12-18T15:07:35.626Z]:GET /service-worker.js 404 - 1ms 
[2024-12-18T15:20:56.745Z]:GET /api-docs/ 404 - 16ms 
[2024-12-18T15:20:58.438Z]:GET /service-worker.js 404 - 2ms 
[2024-12-18T15:21:27.761Z]:GET /service-worker.js 404 - 2ms 
[2024-12-18T15:21:44.550Z]:GET /api-docs/ 404 - 12ms 
[2024-12-18T15:21:46.252Z]:GET /service-worker.js 404 - 4ms 
[2024-12-18T15:21:52.041Z]:GET /joyas/api-docs/ 404 - 3ms 
[2024-12-18T15:21:53.825Z]:GET /service-worker.js 404 - 2ms 
[2024-12-18T15:22:51.802Z]:GET /api-docs/ 404 - 14ms 
[2024-12-18T15:22:53.483Z]:GET /service-worker.js 404 - 2ms 
[2024-12-18T15:23:15.316Z]:GET /api-docs/ 200 - 14ms 
[2024-12-18T15:23:15.375Z]:GET /api-docs/swagger-ui-init.js 200 - 2ms 
[2024-12-18T15:23:15.388Z]:GET /api-docs/swagger-ui.css 200 - 30ms 
[2024-12-18T15:23:15.400Z]:GET /api-docs/swagger-ui-standalone-preset.js 200 - 28ms 
[2024-12-18T15:23:15.426Z]:GET /api-docs/swagger-ui-bundle.js 200 - 56ms 
[2024-12-18T15:23:17.406Z]:GET /service-worker.js 404 - 5ms 
[2024-12-18T15:23:46.492Z]:GET /service-worker.js 404 - 2ms 
[2024-12-18T15:24:19.890Z]:GET /api-docs/ 304 - 13ms 
[2024-12-18T15:24:19.962Z]:GET /api-docs/swagger-ui-bundle.js 304 - 4ms 
[2024-12-18T15:24:19.960Z]:GET /api-docs/swagger-ui.css 304 - 4ms 
[2024-12-18T15:24:19.965Z]:GET /api-docs/swagger-ui-init.js 304 - 1ms 
[2024-12-18T15:24:19.967Z]:GET /api-docs/swagger-ui-standalone-preset.js 304 - 4ms 
[2024-12-18T15:24:21.804Z]:GET /service-worker.js 404 - 5ms 
[2024-12-18T15:24:29.949Z]:GET /api-docs/ 304 - 16ms 
[2024-12-18T15:24:30.018Z]:GET /api-docs/swagger-ui-init.js 304 - 3ms 
[2024-12-18T15:24:30.026Z]:GET /api-docs/swagger-ui-bundle.js 304 - 14ms 
[2024-12-18T15:24:30.027Z]:GET /api-docs/swagger-ui-standalone-preset.js 304 - 13ms 
[2024-12-18T15:24:30.023Z]:GET /api-docs/swagger-ui.css 304 - 15ms 
[2024-12-18T15:24:32.110Z]:GET /service-worker.js 404 - 4ms 
[2024-12-18T15:24:33.289Z]:GET /api-docs/dsa 200 - 3ms 
[2024-12-18T15:24:33.357Z]:GET /api-docs/swagger-ui.css 304 - 3ms 
[2024-12-18T15:24:33.358Z]:GET /api-docs/swagger-ui-bundle.js 304 - 2ms 
[2024-12-18T15:24:33.362Z]:GET /api-docs/swagger-ui-init.js 304 - 1ms 
[2024-12-18T15:24:33.363Z]:GET /api-docs/swagger-ui-standalone-preset.js 304 - 2ms 
[2024-12-18T15:24:35.339Z]:GET /service-worker.js 404 - 2ms 
[2024-12-18T15:24:37.115Z]:GET / 404 - 2ms 
[2024-12-18T15:24:39.165Z]:GET /service-worker.js 404 - 3ms 
[2024-12-18T15:24:40.855Z]:GET /fdsfds 404 - 2ms 
[2024-12-18T15:24:42.934Z]:GET /service-worker.js 404 - 1ms 
[2024-12-18T15:32:44.655Z]:GET /api-docs/ 304 - 14ms 
[2024-12-18T15:32:44.728Z]:GET /api-docs/swagger-ui.css 304 - 9ms 
[2024-12-18T15:32:44.730Z]:GET /api-docs/swagger-ui-bundle.js 304 - 9ms 
[2024-12-18T15:32:44.732Z]:GET /api-docs/swagger-ui-standalone-preset.js 304 - 9ms 
[2024-12-18T15:32:44.740Z]:GET /api-docs/swagger-ui-init.js 200 - 6ms 
[2024-12-18T15:32:46.864Z]:GET /service-worker.js 404 - 3ms 
[2024-12-18T15:33:15.889Z]:GET /service-worker.js 404 - 2ms 
[2024-12-18T15:34:18.784Z]:GET /api-docs/ 304 - 17ms 
[2024-12-18T15:34:18.834Z]:GET /api-docs/swagger-ui.css 304 - 4ms 
[2024-12-18T15:34:18.837Z]:GET /api-docs/swagger-ui-standalone-preset.js 304 - 5ms 
[2024-12-18T15:34:18.836Z]:GET /api-docs/swagger-ui-bundle.js 304 - 5ms 
[2024-12-18T15:34:18.842Z]:GET /api-docs/swagger-ui-init.js 200 - 4ms 
[2024-12-18T15:34:21.034Z]:GET /service-worker.js 404 - 2ms 
[2024-12-18T15:34:49.945Z]:GET /service-worker.js 404 - 2ms 
[2024-12-18T15:40:52.936Z]:GET /api-docs/ 304 - 18ms 
[2024-12-18T15:40:52.992Z]:GET /api-docs/swagger-ui.css 304 - 8ms 
[2024-12-18T15:40:52.993Z]:GET /api-docs/swagger-ui-bundle.js 304 - 6ms 
[2024-12-18T15:40:52.999Z]:GET /api-docs/swagger-ui-init.js 200 - 4ms 
[2024-12-18T15:40:53.002Z]:GET /api-docs/swagger-ui-standalone-preset.js 304 - 8ms 
[2024-12-18T15:40:55.059Z]:GET /service-worker.js 404 - 2ms 
[2024-12-18T15:41:24.113Z]:GET /service-worker.js 404 - 3ms 
[2024-12-18T15:41:50.488Z]:GET /api-docs/ 304 - 13ms 
[2024-12-18T15:41:50.538Z]:GET /api-docs/swagger-ui.css 304 - 6ms 
[2024-12-18T15:41:50.539Z]:GET /api-docs/swagger-ui-bundle.js 304 - 5ms 
[2024-12-18T15:41:50.548Z]:GET /api-docs/swagger-ui-standalone-preset.js 304 - 7ms 
[2024-12-18T15:41:50.546Z]:GET /api-docs/swagger-ui-init.js 200 - 4ms 
[2024-12-18T15:41:50.877Z]:GET /api-docs/favicon-32x32.png 200 - 8ms 
[2024-12-18T15:41:52.570Z]:GET /service-worker.js 404 - 4ms 
[2024-12-18T15:42:21.916Z]:GET /service-worker.js 404 - 2ms 
[2024-12-18T15:43:35.767Z]:GET /api-docs/ 304 - 2ms 
[2024-12-18T15:43:35.823Z]:GET /api-docs/swagger-ui.css 304 - 5ms 
[2024-12-18T15:43:35.827Z]:GET /api-docs/swagger-ui-bundle.js 304 - 8ms 
[2024-12-18T15:43:35.834Z]:GET /api-docs/swagger-ui-standalone-preset.js 304 - 5ms 
[2024-12-18T15:43:35.838Z]:GET /api-docs/swagger-ui-init.js 304 - 2ms 
[2024-12-18T15:43:37.871Z]:GET /service-worker.js 404 - 1ms 
[2024-12-18T15:43:51.540Z]:GET / 404 - 2ms 
[2024-12-18T15:43:53.578Z]:GET /service-worker.js 404 - 3ms 
[2024-12-18T15:43:54.376Z]:GET /api-docs/ 304 - 3ms 
[2024-12-18T15:43:54.428Z]:GET /api-docs/swagger-ui.css 304 - 2ms 
[2024-12-18T15:43:54.431Z]:GET /api-docs/swagger-ui-bundle.js 304 - 4ms 
[2024-12-18T15:43:54.434Z]:GET /api-docs/swagger-ui-init.js 304 - 2ms 
[2024-12-18T15:43:54.435Z]:GET /api-docs/swagger-ui-standalone-preset.js 304 - 6ms 
[2024-12-18T15:43:56.245Z]:GET /service-worker.js 404 - 2ms 
[2024-12-18T15:44:21.458Z]:GET /joyas/joyas?limits=10&page=1&order_by=Id_ASC 404 - 2ms 
[2024-12-18T15:44:48.251Z]:GET /api-docs/ 304 - 18ms 
[2024-12-18T15:44:48.316Z]:GET /api-docs/swagger-ui.css 304 - 10ms 
[2024-12-18T15:44:48.317Z]:GET /api-docs/swagger-ui-bundle.js 304 - 7ms 
[2024-12-18T15:44:48.325Z]:GET /api-docs/swagger-ui-init.js 200 - 5ms 
[2024-12-18T15:44:48.330Z]:GET /api-docs/swagger-ui-standalone-preset.js 304 - 12ms 
[2024-12-18T15:44:50.478Z]:GET /service-worker.js 404 - 3ms 
[2024-12-18T15:45:03.523Z]:GET /joyas/?limits=10&page=1&order_by=Id_ASC 200 - 265ms 
[2024-12-18T15:45:34.582Z]:GET /service-worker.js 404 - 2ms 
[2024-12-18T15:51:22.554Z]:GET /api-docs/ 304 - 13ms 
[2024-12-18T15:51:22.616Z]:GET /api-docs/swagger-ui.css 304 - 5ms 
[2024-12-18T15:51:22.617Z]:GET /api-docs/swagger-ui-bundle.js 304 - 5ms 
[2024-12-18T15:51:22.619Z]:GET /api-docs/swagger-ui-standalone-preset.js 304 - 6ms 
[2024-12-18T15:51:22.626Z]:GET /api-docs/swagger-ui-init.js 200 - 5ms 
[2024-12-18T15:51:24.739Z]:GET /service-worker.js 404 - 2ms 
[2024-12-18T15:51:47.086Z]:GET /joyas/filtros?precio_min=10&precio_max=100000&categoria=anillo&metal=oro 200 - 130ms 
[2024-12-18T15:51:58.642Z]:GET /joyas/filtros?precio_min=10&precio_max=100000&categoria=anillo 200 - 78ms 
[2024-12-18T15:52:03.426Z]:GET /joyas/filtros?precio_min=10&precio_max=100000 200 - 6ms 
[2024-12-18T15:57:14.172Z]:GET /api-docs/ 304 - 12ms 
[2024-12-18T15:57:14.409Z]:GET /api-docs/swagger-ui-init.js 200 - 2ms 
[2024-12-18T15:57:14.427Z]:GET /api-docs/swagger-ui.css 200 - 29ms 
[2024-12-18T15:57:14.444Z]:GET /api-docs/swagger-ui-standalone-preset.js 200 - 32ms 
[2024-12-18T15:57:14.470Z]:GET /api-docs/swagger-ui-bundle.js 200 - 59ms 
[2024-12-18T15:57:16.463Z]:GET /service-worker.js 404 - 3ms 
[2024-12-18T15:57:45.548Z]:GET /service-worker.js 404 - 3ms 
[2024-12-18T15:59:25.514Z]:GET /api-docs/ 304 - 20ms 
[2024-12-18T15:59:25.748Z]:GET /api-docs/swagger-ui.css 304 - 5ms 
[2024-12-18T15:59:25.751Z]:GET /api-docs/swagger-ui-bundle.js 304 - 7ms 
[2024-12-18T15:59:25.757Z]:GET /api-docs/swagger-ui-init.js 200 - 3ms 
[2024-12-18T15:59:25.760Z]:GET /api-docs/swagger-ui-standalone-preset.js 304 - 8ms 
[2024-12-18T15:59:27.814Z]:GET /service-worker.js 404 - 3ms 
[2024-12-18T15:59:56.881Z]:GET /service-worker.js 404 - 3ms 
[2024-12-18T16:02:04.294Z]:GET /api-docs/ 304 - 14ms 
[2024-12-18T16:02:04.393Z]:GET /api-docs/swagger-ui.css 304 - 7ms 
[2024-12-18T16:02:04.403Z]:GET /api-docs/swagger-ui-init.js 304 - 3ms 
[2024-12-18T16:02:04.405Z]:GET /api-docs/swagger-ui-bundle.js 304 - 16ms 
[2024-12-18T16:02:04.408Z]:GET /api-docs/swagger-ui-standalone-preset.js 304 - 10ms 
[2024-12-18T16:02:06.584Z]:GET /service-worker.js 404 - 4ms 
[2024-12-18T16:02:31.606Z]:GET /api-docs/ 304 - 15ms 
[2024-12-18T16:02:31.814Z]:GET /api-docs/swagger-ui.css 304 - 11ms 
[2024-12-18T16:02:31.818Z]:GET /api-docs/swagger-ui-standalone-preset.js 304 - 10ms 
[2024-12-18T16:02:31.821Z]:GET /api-docs/swagger-ui-init.js 304 - 2ms 
[2024-12-18T16:02:31.816Z]:GET /api-docs/swagger-ui-bundle.js 304 - 10ms 
[2024-12-18T16:02:33.881Z]:GET /service-worker.js 404 - 4ms 
[2024-12-18T16:03:02.973Z]:GET /service-worker.js 404 - 5ms 
[2024-12-18T16:05:10.170Z]:GET /api-docs/ 304 - 13ms 
[2024-12-18T16:05:10.271Z]:GET /api-docs/swagger-ui.css 304 - 11ms 
[2024-12-18T16:05:10.274Z]:GET /api-docs/swagger-ui-bundle.js 304 - 9ms 
[2024-12-18T16:05:10.283Z]:GET /api-docs/swagger-ui-init.js 200 - 6ms 
[2024-12-18T16:05:10.276Z]:GET /api-docs/swagger-ui-standalone-preset.js 304 - 9ms 
[2024-12-18T16:05:12.326Z]:GET /service-worker.js 404 - 3ms 
[2024-12-18T16:05:41.450Z]:GET /service-worker.js 404 - 2ms 
[2024-12-18T16:06:12.933Z]:GET /api-docs/ 304 - 20ms 
[2024-12-18T16:06:13.041Z]:GET /api-docs/swagger-ui.css 304 - 8ms 
[2024-12-18T16:06:13.047Z]:GET /api-docs/swagger-ui-bundle.js 304 - 10ms 
[2024-12-18T16:06:13.049Z]:GET /api-docs/swagger-ui-standalone-preset.js 304 - 6ms 
[2024-12-18T16:06:13.060Z]:GET /api-docs/swagger-ui-init.js 200 - 9ms 
[2024-12-18T16:06:15.109Z]:GET /service-worker.js 404 - 2ms 
[2024-12-18T16:06:44.181Z]:GET /service-worker.js 404 - 3ms 
[2024-12-18T16:12:16.372Z]:GET /api-docs/ 304 - 17ms 
[2024-12-18T16:12:16.577Z]:GET /api-docs/swagger-ui.css 304 - 6ms 
[2024-12-18T16:12:16.580Z]:GET /api-docs/swagger-ui-bundle.js 304 - 6ms 
[2024-12-18T16:12:16.592Z]:GET /api-docs/swagger-ui-standalone-preset.js 304 - 9ms 
[2024-12-18T16:12:16.589Z]:GET /api-docs/swagger-ui-init.js 200 - 5ms 
[2024-12-18T16:12:18.667Z]:GET /service-worker.js 404 - 1ms 
[2024-12-18T16:12:39.786Z]:GET /api-docs/ 304 - 22ms 
[2024-12-18T16:12:40.005Z]:GET /api-docs/swagger-ui.css 304 - 5ms 
[2024-12-18T16:12:40.010Z]:GET /api-docs/swagger-ui-bundle.js 304 - 4ms 
[2024-12-18T16:12:40.018Z]:GET /api-docs/swagger-ui-init.js 200 - 5ms 
[2024-12-18T16:12:40.021Z]:GET /api-docs/swagger-ui-standalone-preset.js 304 - 9ms 
[2024-12-18T16:12:42.365Z]:GET /service-worker.js 404 - 3ms 
[2024-12-18T16:13:11.111Z]:GET /service-worker.js 404 - 11ms 
[2024-12-18T16:13:11.914Z]:GET /api-docs/ 304 - 5ms 
[2024-12-18T16:13:12.114Z]:GET /api-docs/swagger-ui.css 304 - 6ms 
[2024-12-18T16:13:12.116Z]:GET /api-docs/swagger-ui-bundle.js 304 - 5ms 
[2024-12-18T16:13:12.121Z]:GET /api-docs/swagger-ui-standalone-preset.js 304 - 4ms 
[2024-12-18T16:13:12.126Z]:GET /api-docs/swagger-ui-init.js 200 - 4ms 
[2024-12-18T16:13:14.191Z]:GET /service-worker.js 404 - 2ms 
